c:\users\komp\documents\github\grafika-3d\rg v9\v9\sablon\x64\debug\vc143.pdb
c:\users\komp\documents\github\grafika-3d\rg v9\v9\sablon\x64\debug\vc143.idb
c:\users\komp\documents\github\grafika-3d\rg v9\v9\sablon\x64\debug\main.obj
c:\users\komp\documents\github\grafika-3d\rg v9\v9\sablon\x64\debug\sablon.ilk
c:\users\komp\documents\github\grafika-3d\rg v9\v9\x64\debug\sablon.pdb
c:\users\komp\documents\github\grafika-3d\rg v9\v9\sablon\x64\debug\sablon.tlog\cl.command.1.tlog
c:\users\komp\documents\github\grafika-3d\rg v9\v9\sablon\x64\debug\sablon.tlog\cl.items.tlog
c:\users\komp\documents\github\grafika-3d\rg v9\v9\sablon\x64\debug\sablon.tlog\cl.read.1.tlog
c:\users\komp\documents\github\grafika-3d\rg v9\v9\sablon\x64\debug\sablon.tlog\cl.write.1.tlog
c:\users\komp\documents\github\grafika-3d\rg v9\v9\sablon\x64\debug\sablon.tlog\link.3036-cvtres.read.1.tlog
c:\users\komp\documents\github\grafika-3d\rg v9\v9\sablon\x64\debug\sablon.tlog\link.3036-cvtres.write.1.tlog
c:\users\komp\documents\github\grafika-3d\rg v9\v9\sablon\x64\debug\sablon.tlog\link.3036-rc.read.1.tlog
c:\users\komp\documents\github\grafika-3d\rg v9\v9\sablon\x64\debug\sablon.tlog\link.3036-rc.write.1.tlog
c:\users\komp\documents\github\grafika-3d\rg v9\v9\sablon\x64\debug\sablon.tlog\link.3036.read.1.tlog
c:\users\komp\documents\github\grafika-3d\rg v9\v9\sablon\x64\debug\sablon.tlog\link.3036.read.2.tlog
c:\users\komp\documents\github\grafika-3d\rg v9\v9\sablon\x64\debug\sablon.tlog\link.3036.write.1.tlog
c:\users\komp\documents\github\grafika-3d\rg v9\v9\sablon\x64\debug\sablon.tlog\link.command.1.tlog
c:\users\komp\documents\github\grafika-3d\rg v9\v9\sablon\x64\debug\sablon.tlog\link.read.1.tlog
c:\users\komp\documents\github\grafika-3d\rg v9\v9\sablon\x64\debug\sablon.tlog\link.secondary.1.tlog
c:\users\komp\documents\github\grafika-3d\rg v9\v9\sablon\x64\debug\sablon.tlog\link.write.1.tlog
